netcdf mHM_Fluxes_States {
dimensions:
	easting = 6 ;
	northing = 9 ;
	time = UNLIMITED ; // (48 currently)
variables:
	double northing(northing) ;
		northing:units = "m or degrees_north" ;
		northing:long_name = "y-coordinate in the given coordinate system" ;
		northing:_Storage = "contiguous" ;
		northing:_Endianness = "little" ;
	double easting(easting) ;
		easting:units = "m or degrees_north" ;
		easting:long_name = "x-coordinate in the given coordinate system" ;
		easting:_Storage = "contiguous" ;
		easting:_Endianness = "little" ;
	double lon(northing, easting) ;
		lon:units = "degrees_east" ;
		lon:long_name = "longitude" ;
		lon:missing_value = -9999. ;
		lon:_Storage = "contiguous" ;
		lon:_Endianness = "little" ;
	double lat(northing, easting) ;
		lat:units = "degrees_north" ;
		lat:long_name = "latitude" ;
		lat:missing_value = -9999. ;
		lat:_Storage = "contiguous" ;
		lat:_Endianness = "little" ;
	int time(time) ;
		time:units = "hours since 1990-01-01 00:00:00" ;
		time:long_name = "time" ;
		time:_Storage = "chunked" ;
		time:_ChunkSizes = 1024 ;
		time:_Endianness = "little" ;
	double interception(time, northing, easting) ;
		interception:long_name = "canopy interception storage" ;
		interception:units = "mm" ;
		interception:scale_factor = 1. ;
		interception:missing_value = -9999. ;
		interception:coordinates = "lat lon" ;
		interception:_Storage = "chunked" ;
		interception:_ChunkSizes = 1, 9, 6 ;
		interception:_DeflateLevel = 6 ;
		interception:_Shuffle = "true" ;
		interception:_Endianness = "little" ;
	double snowpack(time, northing, easting) ;
		snowpack:long_name = "depth of snowpack" ;
		snowpack:units = "mm" ;
		snowpack:scale_factor = 1. ;
		snowpack:missing_value = -9999. ;
		snowpack:coordinates = "lat lon" ;
		snowpack:_Storage = "chunked" ;
		snowpack:_ChunkSizes = 1, 9, 6 ;
		snowpack:_DeflateLevel = 6 ;
		snowpack:_Shuffle = "true" ;
		snowpack:_Endianness = "little" ;
	double SWC_L01(time, northing, easting) ;
		SWC_L01:long_name = "soil water content of soil layer         1" ;
		SWC_L01:units = "mm" ;
		SWC_L01:scale_factor = 1. ;
		SWC_L01:missing_value = -9999. ;
		SWC_L01:coordinates = "lat lon" ;
		SWC_L01:_Storage = "chunked" ;
		SWC_L01:_ChunkSizes = 1, 9, 6 ;
		SWC_L01:_DeflateLevel = 6 ;
		SWC_L01:_Shuffle = "true" ;
		SWC_L01:_Endianness = "little" ;
	double SWC_L02(time, northing, easting) ;
		SWC_L02:long_name = "soil water content of soil layer         2" ;
		SWC_L02:units = "mm" ;
		SWC_L02:scale_factor = 1. ;
		SWC_L02:missing_value = -9999. ;
		SWC_L02:coordinates = "lat lon" ;
		SWC_L02:_Storage = "chunked" ;
		SWC_L02:_ChunkSizes = 1, 9, 6 ;
		SWC_L02:_DeflateLevel = 6 ;
		SWC_L02:_Shuffle = "true" ;
		SWC_L02:_Endianness = "little" ;
	double SM_L01(time, northing, easting) ;
		SM_L01:long_name = "volumetric soil moisture of soil layer         1" ;
		SM_L01:units = "mm mm-1" ;
		SM_L01:scale_factor = 1. ;
		SM_L01:missing_value = -9999. ;
		SM_L01:coordinates = "lat lon" ;
		SM_L01:_Storage = "chunked" ;
		SM_L01:_ChunkSizes = 1, 9, 6 ;
		SM_L01:_DeflateLevel = 6 ;
		SM_L01:_Shuffle = "true" ;
		SM_L01:_Endianness = "little" ;
	double SM_L02(time, northing, easting) ;
		SM_L02:long_name = "volumetric soil moisture of soil layer         2" ;
		SM_L02:units = "mm mm-1" ;
		SM_L02:scale_factor = 1. ;
		SM_L02:missing_value = -9999. ;
		SM_L02:coordinates = "lat lon" ;
		SM_L02:_Storage = "chunked" ;
		SM_L02:_ChunkSizes = 1, 9, 6 ;
		SM_L02:_DeflateLevel = 6 ;
		SM_L02:_Shuffle = "true" ;
		SM_L02:_Endianness = "little" ;
	double SM_Lall(time, northing, easting) ;
		SM_Lall:long_name = "average soil moisture over all layers" ;
		SM_Lall:units = "mm mm-1" ;
		SM_Lall:scale_factor = 1. ;
		SM_Lall:missing_value = -9999. ;
		SM_Lall:coordinates = "lat lon" ;
		SM_Lall:_Storage = "chunked" ;
		SM_Lall:_ChunkSizes = 1, 9, 6 ;
		SM_Lall:_DeflateLevel = 6 ;
		SM_Lall:_Shuffle = "true" ;
		SM_Lall:_Endianness = "little" ;
	double sealedSTW(time, northing, easting) ;
		sealedSTW:long_name = "reservoir of sealed areas (sealedSTW)" ;
		sealedSTW:units = "mm" ;
		sealedSTW:scale_factor = 1. ;
		sealedSTW:missing_value = -9999. ;
		sealedSTW:coordinates = "lat lon" ;
		sealedSTW:_Storage = "chunked" ;
		sealedSTW:_ChunkSizes = 1, 9, 6 ;
		sealedSTW:_DeflateLevel = 6 ;
		sealedSTW:_Shuffle = "true" ;
		sealedSTW:_Endianness = "little" ;
	double unsatSTW(time, northing, easting) ;
		unsatSTW:long_name = "reservoir of unsaturated zone" ;
		unsatSTW:units = "mm" ;
		unsatSTW:scale_factor = 1. ;
		unsatSTW:missing_value = -9999. ;
		unsatSTW:coordinates = "lat lon" ;
		unsatSTW:_Storage = "chunked" ;
		unsatSTW:_ChunkSizes = 1, 9, 6 ;
		unsatSTW:_DeflateLevel = 6 ;
		unsatSTW:_Shuffle = "true" ;
		unsatSTW:_Endianness = "little" ;
	double satSTW(time, northing, easting) ;
		satSTW:long_name = "water level in groundwater reservoir" ;
		satSTW:units = "mm" ;
		satSTW:scale_factor = 1. ;
		satSTW:missing_value = -9999. ;
		satSTW:coordinates = "lat lon" ;
		satSTW:_Storage = "chunked" ;
		satSTW:_ChunkSizes = 1, 9, 6 ;
		satSTW:_DeflateLevel = 6 ;
		satSTW:_Shuffle = "true" ;
		satSTW:_Endianness = "little" ;
	double PET(time, northing, easting) ;
		PET:long_name = "potential Evapotranspiration" ;
		PET:units = "mm month-1" ;
		PET:scale_factor = 1. ;
		PET:missing_value = -9999. ;
		PET:coordinates = "lat lon" ;
		PET:_Storage = "chunked" ;
		PET:_ChunkSizes = 1, 9, 6 ;
		PET:_DeflateLevel = 6 ;
		PET:_Shuffle = "true" ;
		PET:_Endianness = "little" ;
	double aET(time, northing, easting) ;
		aET:long_name = "actual Evapotranspiration" ;
		aET:units = "mm month-1" ;
		aET:scale_factor = 1. ;
		aET:missing_value = -9999. ;
		aET:coordinates = "lat lon" ;
		aET:_Storage = "chunked" ;
		aET:_ChunkSizes = 1, 9, 6 ;
		aET:_DeflateLevel = 6 ;
		aET:_Shuffle = "true" ;
		aET:_Endianness = "little" ;
	double Q(time, northing, easting) ;
		Q:long_name = "total runoff generated by every cell" ;
		Q:units = "mm month-1" ;
		Q:scale_factor = 1. ;
		Q:missing_value = -9999. ;
		Q:coordinates = "lat lon" ;
		Q:_Storage = "chunked" ;
		Q:_ChunkSizes = 1, 9, 6 ;
		Q:_DeflateLevel = 6 ;
		Q:_Shuffle = "true" ;
		Q:_Endianness = "little" ;
	double QD(time, northing, easting) ;
		QD:long_name = "direct runoff generated by every cell (runoffSeal)" ;
		QD:units = "mm month-1" ;
		QD:scale_factor = 1. ;
		QD:missing_value = -9999. ;
		QD:coordinates = "lat lon" ;
		QD:_Storage = "chunked" ;
		QD:_ChunkSizes = 1, 9, 6 ;
		QD:_DeflateLevel = 6 ;
		QD:_Shuffle = "true" ;
		QD:_Endianness = "little" ;
	double QIf(time, northing, easting) ;
		QIf:long_name = "fast interflow generated by every cell (fastRunoff)" ;
		QIf:units = "mm month-1" ;
		QIf:scale_factor = 1. ;
		QIf:missing_value = -9999. ;
		QIf:coordinates = "lat lon" ;
		QIf:_Storage = "chunked" ;
		QIf:_ChunkSizes = 1, 9, 6 ;
		QIf:_DeflateLevel = 6 ;
		QIf:_Shuffle = "true" ;
		QIf:_Endianness = "little" ;
	double QIs(time, northing, easting) ;
		QIs:long_name = "slow interflow generated by every cell (slowRunoff)" ;
		QIs:units = "mm month-1" ;
		QIs:scale_factor = 1. ;
		QIs:missing_value = -9999. ;
		QIs:coordinates = "lat lon" ;
		QIs:_Storage = "chunked" ;
		QIs:_ChunkSizes = 1, 9, 6 ;
		QIs:_DeflateLevel = 6 ;
		QIs:_Shuffle = "true" ;
		QIs:_Endianness = "little" ;
	double QB(time, northing, easting) ;
		QB:long_name = "baseflow generated by every cell" ;
		QB:units = "mm month-1" ;
		QB:scale_factor = 1. ;
		QB:missing_value = -9999. ;
		QB:coordinates = "lat lon" ;
		QB:_Storage = "chunked" ;
		QB:_ChunkSizes = 1, 9, 6 ;
		QB:_DeflateLevel = 6 ;
		QB:_Shuffle = "true" ;
		QB:_Endianness = "little" ;
	double recharge(time, northing, easting) ;
		recharge:long_name = "groundwater recharge" ;
		recharge:units = "mm month-1" ;
		recharge:scale_factor = 1. ;
		recharge:missing_value = -9999. ;
		recharge:coordinates = "lat lon" ;
		recharge:_Storage = "chunked" ;
		recharge:_ChunkSizes = 1, 9, 6 ;
		recharge:_DeflateLevel = 6 ;
		recharge:_Shuffle = "true" ;
		recharge:_Endianness = "little" ;
	double aET_L01(time, northing, easting) ;
		aET_L01:long_name = "actual Evapotranspiration from soil layer         1" ;
		aET_L01:units = "mm mm month-1" ;
		aET_L01:scale_factor = 1. ;
		aET_L01:missing_value = -9999. ;
		aET_L01:coordinates = "lat lon" ;
		aET_L01:_Storage = "chunked" ;
		aET_L01:_ChunkSizes = 1, 9, 6 ;
		aET_L01:_DeflateLevel = 6 ;
		aET_L01:_Shuffle = "true" ;
		aET_L01:_Endianness = "little" ;
	double aET_L02(time, northing, easting) ;
		aET_L02:long_name = "actual Evapotranspiration from soil layer         2" ;
		aET_L02:units = "mm mm month-1" ;
		aET_L02:scale_factor = 1. ;
		aET_L02:missing_value = -9999. ;
		aET_L02:coordinates = "lat lon" ;
		aET_L02:_Storage = "chunked" ;
		aET_L02:_ChunkSizes = 1, 9, 6 ;
		aET_L02:_DeflateLevel = 6 ;
		aET_L02:_Shuffle = "true" ;
		aET_L02:_Endianness = "little" ;
	double preEffect(time, northing, easting) ;
		preEffect:long_name = "effective precipitation" ;
		preEffect:units = "mm month-1" ;
		preEffect:scale_factor = 1. ;
		preEffect:missing_value = -9999. ;
		preEffect:coordinates = "lat lon" ;
		preEffect:_Storage = "chunked" ;
		preEffect:_ChunkSizes = 1, 9, 6 ;
		preEffect:_DeflateLevel = 6 ;
		preEffect:_Shuffle = "true" ;
		preEffect:_Endianness = "little" ;

// global attributes:
		:project = "mHM test domain project" ;
		:setup_description = "model run for the Mosel domain, forced with the E-OBS meteorologic data" ;
		:simulation_type = "historical simulation" ;
		:Conventions = "XXX" ;
		:contact = "mHM developers (email:mhm-developers@ufz.de)" ;
		:mHM_details = "Helmholtz Center for Environmental Research - UFZ, Department Computational Hydrosystems, Stochastic Hydrology Group, release mHMv5.11.2" ;
		:history = "2022-12-09 13:43:31, model run version 1" ;
		:title = "mHMv5.11.2 historical simulation outputs" ;
		:creation_date = "2022-12-09 13:43:31" ;
		:_NCProperties = "version=2,netcdf=4.8.1,hdf5=1.12.1" ;
		:_SuperblockVersion = 2 ;
		:_IsNetcdf4 = 1 ;
		:_Format = "netCDF-4" ;
}
